#
# A fatal error has been detected by the Java Runtime Environment:
#
#  Internal Error (generateOopMap.cpp:2164), pid=2519, tid=16643
#  fatal error: Illegal class file encountered. Try running with -Xverify:all in method main
#
# JRE version: Java(TM) SE Runtime Environment 18.9 (11.0.14+8) (build 11.0.14+8-LTS-263)
# Java VM: Java HotSpot(TM) 64-Bit Server VM 18.9 (11.0.14+8-LTS-263, mixed mode, tiered, compressed oops, g1 gc, bsd-amd64)
# No core dump will be written. Core dumps have been disabled. To enable core dumping, try "ulimit -c unlimited" before starting Java again
#
# If you would like to submit a bug report, please visit:
#   https://bugreport.java.com/bugreport/crash.jsp
#

---------------  S U M M A R Y ------------

Command Line: -agentlib:jdwp=transport=dt_socket,suspend=y,address=localhost:51057 -javaagent:/Applications/Eclipse 2.app/Contents/Eclipse/configuration/org.eclipse.osgi/414/0/.cp/lib/javaagent-shaded.jar -Dfile.encoding=UTF-8 array.SelectionSort

Host: MacBookAir10,1 x86_64 2400 MHz, 8 cores, 8G, Darwin 21.6.0
Time: Wed Sep 21 18:01:44 2022 PDT elapsed time: 1211.571650 seconds (0d 0h 20m 11s)

---------------  T H R E A D  ---------------

Current thread (0x00007f9d23058000):  VMThread "VM Thread" [stack: 0x0000000308bfa000,0x0000000308cfa000] [id=16643]

Stack: [0x0000000308bfa000,0x0000000308cfa000],  sp=0x0000000308cf8f70,  free space=1019k
Native frames: (J=compiled Java code, j=interpreted, Vv=VM code, C=native code)
V  [libjvm.dylib+0x788c86]  _ZN7VMError14report_and_dieEiPKcS1_P13__va_list_tagP6ThreadPhPvS7_S1_im+0x54c
V  [libjvm.dylib+0x255da4]  _Z12report_fatal11VMErrorTypePKciS1_z+0xbc
V  [libjvm.dylib+0x344c3e]  _ZN14GenerateOopMap10error_workEPKcP13__va_list_tag+0xe4
V  [libjvm.dylib+0x341adc]  _ZN14GenerateOopMap12report_errorEPKcz+0x7c
V  [libjvm.dylib+0x342304]  _ZN14GenerateOopMap17init_basic_blocksEv+0x19c
V  [libjvm.dylib+0x342127]  _ZN14GenerateOopMap17do_interpretationEv+0x2f
V  [libjvm.dylib+0x344a74]  _ZN14GenerateOopMap11compute_mapEP6Thread+0x164
V  [libjvm.dylib+0x6311e1]  _ZN19OopMapForCacheEntry11compute_mapEP6Thread+0x51
V  [libjvm.dylib+0x6319d0]  _ZN16OopMapCacheEntry4fillERK12methodHandlei+0xac
V  [libjvm.dylib+0x6322bf]  _ZN11OopMapCache19compute_one_oop_mapERK12methodHandleiP17InterpreterOopMap+0x5d
V  [libjvm.dylib+0x5f7998]  _ZN6Method8mask_forEiP17InterpreterOopMap+0x7e
V  [libjvm.dylib+0x500bc5]  _ZN16VM_GetOrSetLocal4doitEv+0x45
V  [libjvm.dylib+0x792495]  _ZN12VM_Operation8evaluateEv+0xd5
V  [libjvm.dylib+0x791897]  _ZN8VMThread18evaluate_operationEP12VM_Operation+0x139
V  [libjvm.dylib+0x7912e7]  _ZN8VMThread4loopEv+0xed
V  [libjvm.dylib+0x79110d]  _ZN8VMThread3runEv+0x6f
V  [libjvm.dylib+0x734c4a]  _ZN6Thread8call_runEv+0x68
V  [libjvm.dylib+0x63a6b6]  _ZL19thread_native_entryP6Thread+0x136
C  [libsystem_pthread.dylib+0x64e1]  _pthread_start+0x7d
C  [libsystem_pthread.dylib+0x1f6b]  thread_start+0xf

VM_Operation (0x0000000309724a48): GetOrSetLocal, mode: safepoint, requested by thread 0x00007f9d640a5800


---------------  P R O C E S S  ---------------

Threads class SMR info:
_java_thread_list=0x000060000091d280, length=12, elements={
0x00007f9d64812000, 0x00007f9d33046800, 0x00007f9d3304b800, 0x00007f9d64041800,
0x00007f9d6401a000, 0x00007f9d64044800, 0x00007f9d64045800, 0x00007f9d64046000,
0x00007f9d63045000, 0x00007f9d640a5800, 0x00007f9d64811000, 0x00007f9d33051000
}
_to_delete_list=0x0000600000910540, length=11, elements={
0x00007f9d64812000, 0x00007f9d33046800, 0x00007f9d3304b800, 0x00007f9d64041800,
0x00007f9d6401a000, 0x00007f9d64044800, 0x00007f9d64045800, 0x00007f9d64046000,
0x00007f9d63045000, 0x00007f9d640a5800, 0x00007f9d64811000
}

Java Threads: ( => current thread )
  0x00007f9d64812000 JavaThread "main" [_thread_blocked, id=6659, stack(0x00000003085e8000,0x00000003086e8000)]
  0x00007f9d33046800 JavaThread "Reference Handler" daemon [_thread_blocked, id=15619, stack(0x0000000308cfd000,0x0000000308dfd000)]
  0x00007f9d3304b800 JavaThread "Finalizer" daemon [_thread_blocked, id=14595, stack(0x0000000308e00000,0x0000000308f00000)]
  0x00007f9d64041800 JavaThread "Signal Dispatcher" daemon [_thread_blocked, id=24323, stack(0x0000000309013000,0x0000000309113000)]
  0x00007f9d6401a000 JavaThread "Service Thread" daemon [_thread_blocked, id=24835, stack(0x0000000309116000,0x0000000309216000)]
  0x00007f9d64044800 JavaThread "C2 CompilerThread0" daemon [_thread_blocked, id=25603, stack(0x0000000309219000,0x0000000309319000)]
  0x00007f9d64045800 JavaThread "C1 CompilerThread0" daemon [_thread_blocked, id=26371, stack(0x000000030931c000,0x000000030941c000)]
  0x00007f9d64046000 JavaThread "Sweeper thread" daemon [_thread_blocked, id=26627, stack(0x000000030941f000,0x000000030951f000)]
  0x00007f9d63045000 JavaThread "Common-Cleaner" daemon [_thread_blocked, id=27139, stack(0x0000000309522000,0x0000000309622000)]
  0x00007f9d640a5800 JavaThread "JDWP Transport Listener: dt_socket" daemon [_thread_blocked, id=40195, stack(0x0000000309625000,0x0000000309725000)] _threads_hazard_ptr=0x000060000091d280
  0x00007f9d64811000 JavaThread "JDWP Event Helper Thread" daemon [_thread_blocked, id=39683, stack(0x0000000309728000,0x0000000309828000)]
  0x00007f9d33051000 JavaThread "JDWP Command Reader" daemon [_thread_in_native, id=28419, stack(0x000000030982b000,0x000000030992b000)]

Other Threads:
=>0x00007f9d23058000 VMThread "VM Thread" [stack: 0x0000000308bfa000,0x0000000308cfa000] [id=16643]
  0x00007f9d630ab000 WatcherThread [stack: 0x000000030992e000,0x0000000309a2e000] [id=29471]
  0x00007f9d5300a000 GCTaskThread "GC Thread#0" [stack: 0x00000003086eb000,0x00000003087eb000] [id=12547]
  0x00007f9d5302f800 ConcurrentGCThread "G1 Main Marker" [stack: 0x00000003087ee000,0x00000003088ee000] [id=18947]
  0x00007f9d53030000 ConcurrentGCThread "G1 Conc#0" [stack: 0x00000003088f1000,0x00000003089f1000] [id=17923]
  0x00007f9d6481b000 ConcurrentGCThread "G1 Refine#0" [stack: 0x00000003089f4000,0x0000000308af4000] [id=17667]
  0x00007f9d33046000 ConcurrentGCThread "G1 Young RemSet Sampling" [stack: 0x0000000308af7000,0x0000000308bf7000] [id=13059]

Threads with active compile tasks:

VM state:at safepoint (normal execution)

VM Mutex/Monitor currently owned by a thread:  ([mutex/lock_event])
[0x0000600002710000] Threads_lock - owner thread: 0x00007f9d23058000

Heap address: 0x0000000780000000, size: 2048 MB, Compressed Oops mode: Zero based, Oop shift amount: 3
Narrow klass base: 0x0000000800000000, Narrow klass shift: 0
Compressed class space size: 1073741824 Address: 0x0000000800000000

Heap:
 garbage-first heap   total 131072K, used 5120K [0x0000000780000000, 0x0000000800000000)
  region size 1024K, 6 young (6144K), 0 survivors (0K)
 Metaspace       used 8797K, capacity 8865K, committed 9088K, reserved 1056768K
  class space    used 776K, capacity 803K, committed 896K, reserved 1048576K
Heap Regions: E=young(eden), S=young(survivor), O=old, HS=humongous(starts), HC=humongous(continues), CS=collection set, F=free, A=archive, TAMS=top-at-mark-start (previous, next)
|   0|0x0000000780000000, 0x0000000780000000, 0x0000000780100000|  0%| F|  |TAMS 0x0000000780000000, 0x0000000780000000| Untracked 
|   1|0x0000000780100000, 0x0000000780100000, 0x0000000780200000|  0%| F|  |TAMS 0x0000000780100000, 0x0000000780100000| Untracked 
|   2|0x0000000780200000, 0x0000000780200000, 0x0000000780300000|  0%| F|  |TAMS 0x0000000780200000, 0x0000000780200000| Untracked 
|   3|0x0000000780300000, 0x0000000780300000, 0x0000000780400000|  0%| F|  |TAMS 0x0000000780300000, 0x0000000780300000| Untracked 
|   4|0x0000000780400000, 0x0000000780400000, 0x0000000780500000|  0%| F|  |TAMS 0x0000000780400000, 0x0000000780400000| Untracked 
|   5|0x0000000780500000, 0x0000000780500000, 0x0000000780600000|  0%| F|  |TAMS 0x0000000780500000, 0x0000000780500000| Untracked 
|   6|0x0000000780600000, 0x0000000780600000, 0x0000000780700000|  0%| F|  |TAMS 0x0000000780600000, 0x0000000780600000| Untracked 
|   7|0x0000000780700000, 0x0000000780700000, 0x0000000780800000|  0%| F|  |TAMS 0x0000000780700000, 0x0000000780700000| Untracked 
|   8|0x0000000780800000, 0x0000000780800000, 0x0000000780900000|  0%| F|  |TAMS 0x0000000780800000, 0x0000000780800000| Untracked 
|   9|0x0000000780900000, 0x0000000780900000, 0x0000000780a00000|  0%| F|  |TAMS 0x0000000780900000, 0x0000000780900000| Untracked 
|  10|0x0000000780a00000, 0x0000000780a00000, 0x0000000780b00000|  0%| F|  |TAMS 0x0000000780a00000, 0x0000000780a00000| Untracked 
|  11|0x0000000780b00000, 0x0000000780b00000, 0x0000000780c00000|  0%| F|  |TAMS 0x0000000780b00000, 0x0000000780b00000| Untracked 
|  12|0x0000000780c00000, 0x0000000780c00000, 0x0000000780d00000|  0%| F|  |TAMS 0x0000000780c00000, 0x0000000780c00000| Untracked 
|  13|0x0000000780d00000, 0x0000000780d00000, 0x0000000780e00000|  0%| F|  |TAMS 0x0000000780d00000, 0x0000000780d00000| Untracked 
|  14|0x0000000780e00000, 0x0000000780e00000, 0x0000000780f00000|  0%| F|  |TAMS 0x0000000780e00000, 0x0000000780e00000| Untracked 
|  15|0x0000000780f00000, 0x0000000780f00000, 0x0000000781000000|  0%| F|  |TAMS 0x0000000780f00000, 0x0000000780f00000| Untracked 
|  16|0x0000000781000000, 0x0000000781000000, 0x0000000781100000|  0%| F|  |TAMS 0x0000000781000000, 0x0000000781000000| Untracked 
|  17|0x0000000781100000, 0x0000000781100000, 0x0000000781200000|  0%| F|  |TAMS 0x0000000781100000, 0x0000000781100000| Untracked 
|  18|0x0000000781200000, 0x0000000781200000, 0x0000000781300000|  0%| F|  |TAMS 0x0000000781200000, 0x0000000781200000| Untracked 
|  19|0x0000000781300000, 0x0000000781300000, 0x0000000781400000|  0%| F|  |TAMS 0x0000000781300000, 0x0000000781300000| Untracked 
|  20|0x0000000781400000, 0x0000000781400000, 0x0000000781500000|  0%| F|  |TAMS 0x0000000781400000, 0x0000000781400000| Untracked 
|  21|0x0000000781500000, 0x0000000781500000, 0x0000000781600000|  0%| F|  |TAMS 0x0000000781500000, 0x0000000781500000| Untracked 
|  22|0x0000000781600000, 0x0000000781600000, 0x0000000781700000|  0%| F|  |TAMS 0x0000000781600000, 0x0000000781600000| Untracked 
|  23|0x0000000781700000, 0x0000000781700000, 0x0000000781800000|  0%| F|  |TAMS 0x0000000781700000, 0x0000000781700000| Untracked 
|  24|0x0000000781800000, 0x0000000781800000, 0x0000000781900000|  0%| F|  |TAMS 0x0000000781800000, 0x0000000781800000| Untracked 
|  25|0x0000000781900000, 0x0000000781900000, 0x0000000781a00000|  0%| F|  |TAMS 0x0000000781900000, 0x0000000781900000| Untracked 
|  26|0x0000000781a00000, 0x0000000781a00000, 0x0000000781b00000|  0%| F|  |TAMS 0x0000000781a00000, 0x0000000781a00000| Untracked 
|  27|0x0000000781b00000, 0x0000000781b00000, 0x0000000781c00000|  0%| F|  |TAMS 0x0000000781b00000, 0x0000000781b00000| Untracked 
|  28|0x0000000781c00000, 0x0000000781c00000, 0x0000000781d00000|  0%| F|  |TAMS 0x0000000781c00000, 0x0000000781c00000| Untracked 
|  29|0x0000000781d00000, 0x0000000781d00000, 0x0000000781e00000|  0%| F|  |TAMS 0x0000000781d00000, 0x0000000781d00000| Untracked 
|  30|0x0000000781e00000, 0x0000000781e00000, 0x0000000781f00000|  0%| F|  |TAMS 0x0000000781e00000, 0x0000000781e00000| Untracked 
|  31|0x0000000781f00000, 0x0000000781f00000, 0x0000000782000000|  0%| F|  |TAMS 0x0000000781f00000, 0x0000000781f00000| Untracked 
|  32|0x0000000782000000, 0x0000000782000000, 0x0000000782100000|  0%| F|  |TAMS 0x0000000782000000, 0x0000000782000000| Untracked 
|  33|0x0000000782100000, 0x0000000782100000, 0x0000000782200000|  0%| F|  |TAMS 0x0000000782100000, 0x0000000782100000| Untracked 
|  34|0x0000000782200000, 0x0000000782200000, 0x0000000782300000|  0%| F|  |TAMS 0x0000000782200000, 0x0000000782200000| Untracked 
|  35|0x0000000782300000, 0x0000000782300000, 0x0000000782400000|  0%| F|  |TAMS 0x0000000782300000, 0x0000000782300000| Untracked 
|  36|0x0000000782400000, 0x0000000782400000, 0x0000000782500000|  0%| F|  |TAMS 0x0000000782400000, 0x0000000782400000| Untracked 
|  37|0x0000000782500000, 0x0000000782500000, 0x0000000782600000|  0%| F|  |TAMS 0x0000000782500000, 0x0000000782500000| Untracked 
|  38|0x0000000782600000, 0x0000000782600000, 0x0000000782700000|  0%| F|  |TAMS 0x0000000782600000, 0x0000000782600000| Untracked 
|  39|0x0000000782700000, 0x0000000782700000, 0x0000000782800000|  0%| F|  |TAMS 0x0000000782700000, 0x0000000782700000| Untracked 
|  40|0x0000000782800000, 0x0000000782800000, 0x0000000782900000|  0%| F|  |TAMS 0x0000000782800000, 0x0000000782800000| Untracked 
|  41|0x0000000782900000, 0x0000000782900000, 0x0000000782a00000|  0%| F|  |TAMS 0x0000000782900000, 0x0000000782900000| Untracked 
|  42|0x0000000782a00000, 0x0000000782a00000, 0x0000000782b00000|  0%| F|  |TAMS 0x0000000782a00000, 0x0000000782a00000| Untracked 
|  43|0x0000000782b00000, 0x0000000782b00000, 0x0000000782c00000|  0%| F|  |TAMS 0x0000000782b00000, 0x0000000782b00000| Untracked 
|  44|0x0000000782c00000, 0x0000000782c00000, 0x0000000782d00000|  0%| F|  |TAMS 0x0000000782c00000, 0x0000000782c00000| Untracked 
|  45|0x0000000782d00000, 0x0000000782d00000, 0x0000000782e00000|  0%| F|  |TAMS 0x0000000782d00000, 0x0000000782d00000| Untracked 
|  46|0x0000000782e00000, 0x0000000782e00000, 0x0000000782f00000|  0%| F|  |TAMS 0x0000000782e00000, 0x0000000782e00000| Untracked 
|  47|0x0000000782f00000, 0x0000000782f00000, 0x0000000783000000|  0%| F|  |TAMS 0x0000000782f00000, 0x0000000782f00000| Untracked 
|  48|0x0000000783000000, 0x0000000783000000, 0x0000000783100000|  0%| F|  |TAMS 0x0000000783000000, 0x0000000783000000| Untracked 
|  49|0x0000000783100000, 0x0000000783100000, 0x0000000783200000|  0%| F|  |TAMS 0x0000000783100000, 0x0000000783100000| Untracked 
|  50|0x0000000783200000, 0x0000000783200000, 0x0000000783300000|  0%| F|  |TAMS 0x0000000783200000, 0x0000000783200000| Untracked 
|  51|0x0000000783300000, 0x0000000783300000, 0x0000000783400000|  0%| F|  |TAMS 0x0000000783300000, 0x0000000783300000| Untracked 
|  52|0x0000000783400000, 0x0000000783400000, 0x0000000783500000|  0%| F|  |TAMS 0x0000000783400000, 0x0000000783400000| Untracked 
|  53|0x0000000783500000, 0x0000000783500000, 0x0000000783600000|  0%| F|  |TAMS 0x0000000783500000, 0x0000000783500000| Untracked 
|  54|0x0000000783600000, 0x0000000783600000, 0x0000000783700000|  0%| F|  |TAMS 0x0000000783600000, 0x0000000783600000| Untracked 
|  55|0x0000000783700000, 0x0000000783700000, 0x0000000783800000|  0%| F|  |TAMS 0x0000000783700000, 0x0000000783700000| Untracked 
|  56|0x0000000783800000, 0x0000000783800000, 0x0000000783900000|  0%| F|  |TAMS 0x0000000783800000, 0x0000000783800000| Untracked 
|  57|0x0000000783900000, 0x0000000783900000, 0x0000000783a00000|  0%| F|  |TAMS 0x0000000783900000, 0x0000000783900000| Untracked 
|  58|0x0000000783a00000, 0x0000000783a00000, 0x0000000783b00000|  0%| F|  |TAMS 0x0000000783a00000, 0x0000000783a00000| Untracked 
|  59|0x0000000783b00000, 0x0000000783b00000, 0x0000000783c00000|  0%| F|  |TAMS 0x0000000783b00000, 0x0000000783b00000| Untracked 
|  60|0x0000000783c00000, 0x0000000783c00000, 0x0000000783d00000|  0%| F|  |TAMS 0x0000000783c00000, 0x0000000783c00000| Untracked 
|  61|0x0000000783d00000, 0x0000000783d00000, 0x0000000783e00000|  0%| F|  |TAMS 0x0000000783d00000, 0x0000000783d00000| Untracked 
|  62|0x0000000783e00000, 0x0000000783e00000, 0x0000000783f00000|  0%| F|  |TAMS 0x0000000783e00000, 0x0000000783e00000| Untracked 
|  63|0x0000000783f00000, 0x0000000783f00000, 0x0000000784000000|  0%| F|  |TAMS 0x0000000783f00000, 0x0000000783f00000| Untracked 
|  64|0x0000000784000000, 0x0000000784000000, 0x0000000784100000|  0%| F|  |TAMS 0x0000000784000000, 0x0000000784000000| Untracked 
|  65|0x0000000784100000, 0x0000000784100000, 0x0000000784200000|  0%| F|  |TAMS 0x0000000784100000, 0x0000000784100000| Untracked 
|  66|0x0000000784200000, 0x0000000784200000, 0x0000000784300000|  0%| F|  |TAMS 0x0000000784200000, 0x0000000784200000| Untracked 
|  67|0x0000000784300000, 0x0000000784300000, 0x0000000784400000|  0%| F|  |TAMS 0x0000000784300000, 0x0000000784300000| Untracked 
|  68|0x0000000784400000, 0x0000000784400000, 0x0000000784500000|  0%| F|  |TAMS 0x0000000784400000, 0x0000000784400000| Untracked 
|  69|0x0000000784500000, 0x0000000784500000, 0x0000000784600000|  0%| F|  |TAMS 0x0000000784500000, 0x0000000784500000| Untracked 
|  70|0x0000000784600000, 0x0000000784600000, 0x0000000784700000|  0%| F|  |TAMS 0x0000000784600000, 0x0000000784600000| Untracked 
|  71|0x0000000784700000, 0x0000000784700000, 0x0000000784800000|  0%| F|  |TAMS 0x0000000784700000, 0x0000000784700000| Untracked 
|  72|0x0000000784800000, 0x0000000784800000, 0x0000000784900000|  0%| F|  |TAMS 0x0000000784800000, 0x0000000784800000| Untracked 
|  73|0x0000000784900000, 0x0000000784900000, 0x0000000784a00000|  0%| F|  |TAMS 0x0000000784900000, 0x0000000784900000| Untracked 
|  74|0x0000000784a00000, 0x0000000784a00000, 0x0000000784b00000|  0%| F|  |TAMS 0x0000000784a00000, 0x0000000784a00000| Untracked 
|  75|0x0000000784b00000, 0x0000000784b00000, 0x0000000784c00000|  0%| F|  |TAMS 0x0000000784b00000, 0x0000000784b00000| Untracked 
|  76|0x0000000784c00000, 0x0000000784c00000, 0x0000000784d00000|  0%| F|  |TAMS 0x0000000784c00000, 0x0000000784c00000| Untracked 
|  77|0x0000000784d00000, 0x0000000784d00000, 0x0000000784e00000|  0%| F|  |TAMS 0x0000000784d00000, 0x0000000784d00000| Untracked 
|  78|0x0000000784e00000, 0x0000000784e00000, 0x0000000784f00000|  0%| F|  |TAMS 0x0000000784e00000, 0x0000000784e00000| Untracked 
|  79|0x0000000784f00000, 0x0000000784f00000, 0x0000000785000000|  0%| F|  |TAMS 0x0000000784f00000, 0x0000000784f00000| Untracked 
|  80|0x0000000785000000, 0x0000000785000000, 0x0000000785100000|  0%| F|  |TAMS 0x0000000785000000, 0x0000000785000000| Untracked 
|  81|0x0000000785100000, 0x0000000785100000, 0x0000000785200000|  0%| F|  |TAMS 0x0000000785100000, 0x0000000785100000| Untracked 
|  82|0x0000000785200000, 0x0000000785200000, 0x0000000785300000|  0%| F|  |TAMS 0x0000000785200000, 0x0000000785200000| Untracked 
|  83|0x0000000785300000, 0x0000000785300000, 0x0000000785400000|  0%| F|  |TAMS 0x0000000785300000, 0x0000000785300000| Untracked 
|  84|0x0000000785400000, 0x0000000785400000, 0x0000000785500000|  0%| F|  |TAMS 0x0000000785400000, 0x0000000785400000| Untracked 
|  85|0x0000000785500000, 0x0000000785500000, 0x0000000785600000|  0%| F|  |TAMS 0x0000000785500000, 0x0000000785500000| Untracked 
|  86|0x0000000785600000, 0x0000000785600000, 0x0000000785700000|  0%| F|  |TAMS 0x0000000785600000, 0x0000000785600000| Untracked 
|  87|0x0000000785700000, 0x0000000785700000, 0x0000000785800000|  0%| F|  |TAMS 0x0000000785700000, 0x0000000785700000| Untracked 
|  88|0x0000000785800000, 0x0000000785800000, 0x0000000785900000|  0%| F|  |TAMS 0x0000000785800000, 0x0000000785800000| Untracked 
|  89|0x0000000785900000, 0x0000000785900000, 0x0000000785a00000|  0%| F|  |TAMS 0x0000000785900000, 0x0000000785900000| Untracked 
|  90|0x0000000785a00000, 0x0000000785a00000, 0x0000000785b00000|  0%| F|  |TAMS 0x0000000785a00000, 0x0000000785a00000| Untracked 
|  91|0x0000000785b00000, 0x0000000785b00000, 0x0000000785c00000|  0%| F|  |TAMS 0x0000000785b00000, 0x0000000785b00000| Untracked 
|  92|0x0000000785c00000, 0x0000000785c00000, 0x0000000785d00000|  0%| F|  |TAMS 0x0000000785c00000, 0x0000000785c00000| Untracked 
|  93|0x0000000785d00000, 0x0000000785d00000, 0x0000000785e00000|  0%| F|  |TAMS 0x0000000785d00000, 0x0000000785d00000| Untracked 
|  94|0x0000000785e00000, 0x0000000785e00000, 0x0000000785f00000|  0%| F|  |TAMS 0x0000000785e00000, 0x0000000785e00000| Untracked 
|  95|0x0000000785f00000, 0x0000000785f00000, 0x0000000786000000|  0%| F|  |TAMS 0x0000000785f00000, 0x0000000785f00000| Untracked 
|  96|0x0000000786000000, 0x0000000786000000, 0x0000000786100000|  0%| F|  |TAMS 0x0000000786000000, 0x0000000786000000| Untracked 
|  97|0x0000000786100000, 0x0000000786100000, 0x0000000786200000|  0%| F|  |TAMS 0x0000000786100000, 0x0000000786100000| Untracked 
|  98|0x0000000786200000, 0x0000000786200000, 0x0000000786300000|  0%| F|  |TAMS 0x0000000786200000, 0x0000000786200000| Untracked 
|  99|0x0000000786300000, 0x0000000786300000, 0x0000000786400000|  0%| F|  |TAMS 0x0000000786300000, 0x0000000786300000| Untracked 
| 100|0x0000000786400000, 0x0000000786400000, 0x0000000786500000|  0%| F|  |TAMS 0x0000000786400000, 0x0000000786400000| Untracked 
| 101|0x0000000786500000, 0x0000000786500000, 0x0000000786600000|  0%| F|  |TAMS 0x0000000786500000, 0x0000000786500000| Untracked 
| 102|0x0000000786600000, 0x0000000786600000, 0x0000000786700000|  0%| F|  |TAMS 0x0000000786600000, 0x0000000786600000| Untracked 
| 103|0x0000000786700000, 0x0000000786700000, 0x0000000786800000|  0%| F|  |TAMS 0x0000000786700000, 0x0000000786700000| Untracked 
| 104|0x0000000786800000, 0x0000000786800000, 0x0000000786900000|  0%| F|  |TAMS 0x0000000786800000, 0x0000000786800000| Untracked 
| 105|0x0000000786900000, 0x0000000786900000, 0x0000000786a00000|  0%| F|  |TAMS 0x0000000786900000, 0x0000000786900000| Untracked 
| 106|0x0000000786a00000, 0x0000000786a00000, 0x0000000786b00000|  0%| F|  |TAMS 0x0000000786a00000, 0x0000000786a00000| Untracked 
| 107|0x0000000786b00000, 0x0000000786b00000, 0x0000000786c00000|  0%| F|  |TAMS 0x0000000786b00000, 0x0000000786b00000| Untracked 
| 108|0x0000000786c00000, 0x0000000786c00000, 0x0000000786d00000|  0%| F|  |TAMS 0x0000000786c00000, 0x0000000786c00000| Untracked 
| 109|0x0000000786d00000, 0x0000000786d00000, 0x0000000786e00000|  0%| F|  |TAMS 0x0000000786d00000, 0x0000000786d00000| Untracked 
| 110|0x0000000786e00000, 0x0000000786e00000, 0x0000000786f00000|  0%| F|  |TAMS 0x0000000786e00000, 0x0000000786e00000| Untracked 
| 111|0x0000000786f00000, 0x0000000786f00000, 0x0000000787000000|  0%| F|  |TAMS 0x0000000786f00000, 0x0000000786f00000| Untracked 
| 112|0x0000000787000000, 0x0000000787000000, 0x0000000787100000|  0%| F|  |TAMS 0x0000000787000000, 0x0000000787000000| Untracked 
| 113|0x0000000787100000, 0x0000000787100000, 0x0000000787200000|  0%| F|  |TAMS 0x0000000787100000, 0x0000000787100000| Untracked 
| 114|0x0000000787200000, 0x0000000787200000, 0x0000000787300000|  0%| F|  |TAMS 0x0000000787200000, 0x0000000787200000| Untracked 
| 115|0x0000000787300000, 0x0000000787300000, 0x0000000787400000|  0%| F|  |TAMS 0x0000000787300000, 0x0000000787300000| Untracked 
| 116|0x0000000787400000, 0x0000000787400000, 0x0000000787500000|  0%| F|  |TAMS 0x0000000787400000, 0x0000000787400000| Untracked 
| 117|0x0000000787500000, 0x0000000787500000, 0x0000000787600000|  0%| F|  |TAMS 0x0000000787500000, 0x0000000787500000| Untracked 
| 118|0x0000000787600000, 0x0000000787600000, 0x0000000787700000|  0%| F|  |TAMS 0x0000000787600000, 0x0000000787600000| Untracked 
| 119|0x0000000787700000, 0x0000000787700000, 0x0000000787800000|  0%| F|  |TAMS 0x0000000787700000, 0x0000000787700000| Untracked 
| 120|0x0000000787800000, 0x0000000787800000, 0x0000000787900000|  0%| F|  |TAMS 0x0000000787800000, 0x0000000787800000| Untracked 
| 121|0x0000000787900000, 0x0000000787900000, 0x0000000787a00000|  0%| F|  |TAMS 0x0000000787900000, 0x0000000787900000| Untracked 
| 122|0x0000000787a00000, 0x0000000787a7b648, 0x0000000787b00000| 48%| E|  |TAMS 0x0000000787a00000, 0x0000000787a00000| Complete 
| 123|0x0000000787b00000, 0x0000000787c00000, 0x0000000787c00000|100%| E|CS|TAMS 0x0000000787b00000, 0x0000000787b00000| Complete 
| 124|0x0000000787c00000, 0x0000000787d00000, 0x0000000787d00000|100%| E|CS|TAMS 0x0000000787c00000, 0x0000000787c00000| Complete 
| 125|0x0000000787d00000, 0x0000000787e00000, 0x0000000787e00000|100%| E|CS|TAMS 0x0000000787d00000, 0x0000000787d00000| Complete 
| 126|0x0000000787e00000, 0x0000000787f00000, 0x0000000787f00000|100%| E|CS|TAMS 0x0000000787e00000, 0x0000000787e00000| Complete 
| 127|0x0000000787f00000, 0x0000000788000000, 0x0000000788000000|100%| E|CS|TAMS 0x0000000787f00000, 0x0000000787f00000| Complete 

Card table byte_map: [0x000000010afa4000,0x000000010b3a4000] _byte_map_base: 0x00000001073a4000

Marking Bits (Prev, Next): (CMBitMap*) 0x00007f9d53026c18, (CMBitMap*) 0x00007f9d53026c50
 Prev Bits: [0x0000000124113000, 0x0000000126113000)
 Next Bits: [0x0000000126113000, 0x0000000128113000)

Polling page: 0x0000000102101000

Metaspace:

Usage:
  Non-class:      7.87 MB capacity,     7.83 MB (>99%) used,    34.72 KB ( <1%) free+waste,     6.25 KB ( <1%) overhead. 
      Class:    803.00 KB capacity,   776.73 KB ( 97%) used,    23.77 KB (  3%) free+waste,     2.50 KB ( <1%) overhead. 
       Both:      8.66 MB capacity,     8.59 MB (>99%) used,    58.49 KB ( <1%) free+waste,     8.75 KB ( <1%) overhead. 

Virtual space:
  Non-class space:        8.00 MB reserved,       8.00 MB (100%) committed 
      Class space:        1.00 GB reserved,     896.00 KB ( <1%) committed 
             Both:        1.01 GB reserved,       8.88 MB ( <1%) committed 

Chunk freelists:
   Non-Class:  6.75 KB
       Class:  3.62 KB
        Both:  10.38 KB

CodeHeap 'non-profiled nmethods': size=120032Kb used=130Kb max_used=130Kb free=119901Kb
 bounds [0x000000011c7db000, 0x000000011ca4b000, 0x0000000123d13000]
CodeHeap 'profiled nmethods': size=120028Kb used=554Kb max_used=554Kb free=119473Kb
 bounds [0x00000001152a4000, 0x0000000115514000, 0x000000011c7db000]
CodeHeap 'non-nmethods': size=5700Kb used=1112Kb max_used=1126Kb free=4587Kb
 bounds [0x0000000114d13000, 0x0000000114f83000, 0x00000001152a4000]
 total_blobs=779 nmethods=428 adapters=273
 compilation: enabled
              stopped_count=0, restarted_count=0
 full_count=0

Compilation events (10 events):
Event: 747.194 Thread 0x00007f9d64045800  424       3       org.eclipse.jdt.launching.internal.org.objectweb.asm.SymbolTable::addConstantUtf8 (20 bytes)
Event: 747.196 Thread 0x00007f9d64045800 nmethod 424 0x000000011532dd90 code [0x000000011532df60, 0x000000011532e2c0]
Event: 1128.516 Thread 0x00007f9d64044800  425       4       org.eclipse.jdt.launching.internal.org.objectweb.asm.ClassReader::readUnsignedShort (26 bytes)
Event: 1128.520 Thread 0x00007f9d64044800 nmethod 425 0x000000011c7fb190 code [0x000000011c7fb320, 0x000000011c7fb418]
Event: 1167.526 Thread 0x00007f9d64045800  426       1       java.security.ProtectionDomain::getCodeSource (5 bytes)
Event: 1167.526 Thread 0x00007f9d64045800 nmethod 426 0x000000011c7fb510 code [0x000000011c7fb6a0, 0x000000011c7fb750]
Event: 1167.533 Thread 0x00007f9d64045800  427       3       org.eclipse.jdt.launching.internal.org.objectweb.asm.ByteVector::putShort (52 bytes)
Event: 1167.537 Thread 0x00007f9d64045800 nmethod 427 0x000000011532e490 code [0x000000011532e640, 0x000000011532e840]
Event: 1193.095 Thread 0x00007f9d64044800  428       4       org.eclipse.jdt.launching.internal.org.objectweb.asm.ClassReader::getItem (7 bytes)
Event: 1193.100 Thread 0x00007f9d64044800 nmethod 428 0x000000011c7fb810 code [0x000000011c7fb9a0, 0x000000011c7fba78]

GC Heap History (0 events):
No events

Deoptimization events (3 events):
Event: 0.375 Thread 0x00007f9d64812000 Uncommon trap: reason=unstable_if action=reinterpret pc=0x000000011c7e7568 method=java.util.HashMap.putVal(ILjava/lang/Object;Ljava/lang/Object;ZZ)Ljava/lang/Object; @ 181 c2
Event: 0.569 Thread 0x00007f9d64812000 Uncommon trap: reason=unstable_if action=reinterpret pc=0x000000011c7e2c60 method=java.lang.String.isLatin1()Z @ 10 c2
Event: 0.569 Thread 0x00007f9d64812000 Uncommon trap: reason=unstable_if action=reinterpret pc=0x000000011c7e407c method=java.lang.String.isLatin1()Z @ 10 c2

Classes redefined (10 events):
Event: 781.202 Thread 0x00007f9d23058000 redefined class name=array.SelectionSort, count=7
Event: 832.595 Thread 0x00007f9d23058000 redefined class name=array.SelectionSort, count=8
Event: 845.147 Thread 0x00007f9d23058000 redefined class name=array.SelectionSort, count=9
Event: 939.874 Thread 0x00007f9d23058000 redefined class name=array.SelectionSort, count=10
Event: 1036.967 Thread 0x00007f9d23058000 redefined class name=array.SelectionSort, count=11
Event: 1106.408 Thread 0x00007f9d23058000 redefined class name=array.SelectionSort, count=12
Event: 1128.527 Thread 0x00007f9d23058000 redefined class name=array.SelectionSort, count=13
Event: 1157.425 Thread 0x00007f9d23058000 redefined class name=array.SelectionSort, count=14
Event: 1167.536 Thread 0x00007f9d23058000 redefined class name=array.SelectionSort, count=15
Event: 1193.098 Thread 0x00007f9d23058000 redefined class name=array.SelectionSort, count=16

Internal exceptions (1 events):
Event: 0.582 Thread 0x00007f9d64812000 Exception <a 'java/lang/ArrayIndexOutOfBoundsException'{0x0000000787bb0118}: Index 5 out of bounds for length 5> (0x0000000787bb0118) thrown at [./open/src/hotspot/share/interpreter/interpreterRuntime.cpp, line 444]

Events (10 events):
Event: 1193.375 Executing VM operation: GetCurrentContendedMonitor done
Event: 1193.376 Executing VM operation: GetOwnedMonitorInfo
Event: 1193.376 Executing VM operation: GetOwnedMonitorInfo done
Event: 1193.549 Executing VM operation: GetFrameCount
Event: 1193.550 Executing VM operation: GetFrameCount done
Event: 1193.550 Executing VM operation: GetOwnedMonitorInfo
Event: 1193.550 Executing VM operation: GetOwnedMonitorInfo done
Event: 1193.550 Executing VM operation: GetCurrentContendedMonitor
Event: 1193.550 Executing VM operation: GetCurrentContendedMonitor done
Event: 1211.570 Executing VM operation: GetOrSetLocal


Dynamic libraries:
0x000000010a730000 	/Library/Java/JavaVirtualMachines/jdk-11.0.14.jdk/Contents/Home/lib/jli/libjli.dylib
0x00007ff82a880000 	/System/Library/Frameworks/Cocoa.framework/Versions/A/Cocoa
0x00007ff815f5b000 	/System/Library/Frameworks/AppKit.framework/Versions/C/AppKit
0x00007ff8194d0000 	/System/Library/Frameworks/CoreData.framework/Versions/A/CoreData
0x00007ff81435e000 	/System/Library/Frameworks/Foundation.framework/Versions/C/Foundation
0x00007ff81e753000 	/usr/lib/libSystem.B.dylib
0x00007ff816deb000 	/System/Library/PrivateFrameworks/UIFoundation.framework/Versions/A/UIFoundation
0x00007ff824782000 	/System/Library/PrivateFrameworks/RemoteViewServices.framework/Versions/A/RemoteViewServices
0x00007ff81ca1f000 	/System/Library/PrivateFrameworks/XCTTargetBootstrap.framework/Versions/A/XCTTargetBootstrap
0x00007ff820618000 	/System/Library/PrivateFrameworks/InternationalSupport.framework/Versions/A/InternationalSupport
0x00007ff8206a2000 	/System/Library/PrivateFrameworks/UserActivity.framework/Versions/A/UserActivity
0x00007ff81f9fc000 	/usr/lib/libspindump.dylib
0x00007ff81707a000 	/System/Library/Frameworks/UniformTypeIdentifiers.framework/Versions/A/UniformTypeIdentifiers
0x00007ff81b143000 	/usr/lib/libapp_launch_measurement.dylib
0x00007ff819eb3000 	/System/Library/PrivateFrameworks/CoreAnalytics.framework/Versions/A/CoreAnalytics
0x00007ff81b146000 	/System/Library/PrivateFrameworks/CoreAutoLayout.framework/Versions/A/CoreAutoLayout
0x00007ff81c376000 	/System/Library/Frameworks/Metal.framework/Versions/A/Metal
0x00007ff81d0a5000 	/usr/lib/liblangid.dylib
0x00007ff81ca24000 	/System/Library/PrivateFrameworks/CoreSVG.framework/Versions/A/CoreSVG
0x00007ff818466000 	/System/Library/PrivateFrameworks/SkyLight.framework/Versions/A/SkyLight
0x00007ff818805000 	/System/Library/Frameworks/CoreGraphics.framework/Versions/A/CoreGraphics
0x00007ff824e42000 	/System/Library/Frameworks/Accelerate.framework/Versions/A/Accelerate
0x00007ff81f47b000 	/System/Library/PrivateFrameworks/IconServices.framework/Versions/A/IconServices
0x00007ff81c35b000 	/System/Library/Frameworks/IOSurface.framework/Versions/A/IOSurface
0x00007ff819ee1000 	/usr/lib/libDiagnosticMessagesClient.dylib
0x00007ff81e66d000 	/usr/lib/libz.1.dylib
0x00007ff828524000 	/System/Library/Frameworks/ApplicationServices.framework/Versions/A/ApplicationServices
0x00007ff81ca0b000 	/System/Library/PrivateFrameworks/DFRFoundation.framework/Versions/A/DFRFoundation
0x00007ff815843000 	/usr/lib/libicucore.A.dylib
0x00007ff82140e000 	/System/Library/Frameworks/AudioToolbox.framework/Versions/A/AudioToolbox
0x00007ff820624000 	/System/Library/PrivateFrameworks/DataDetectorsCore.framework/Versions/A/DataDetectorsCore
0x00007ff91c885000 	/System/Library/PrivateFrameworks/TextInput.framework/Versions/A/TextInput
0x00007ff8183e9000 	/usr/lib/libMobileGestalt.dylib
0x00007ff81c717000 	/System/Library/Frameworks/Carbon.framework/Versions/A/Frameworks/HIToolbox.framework/Versions/A/HIToolbox
0x00007ff81ab46000 	/System/Library/Frameworks/QuartzCore.framework/Versions/A/QuartzCore
0x00007ff8154e8000 	/System/Library/Frameworks/Security.framework/Versions/A/Security
0x00007ff8247ba000 	/System/Library/Frameworks/Carbon.framework/Versions/A/Frameworks/SpeechRecognition.framework/Versions/A/SpeechRecognition
0x00007ff81aea3000 	/System/Library/PrivateFrameworks/CoreUI.framework/Versions/A/CoreUI
0x00007ff814db2000 	/System/Library/Frameworks/CoreAudio.framework/Versions/A/CoreAudio
0x00007ff819fd0000 	/System/Library/Frameworks/DiskArbitration.framework/Versions/A/DiskArbitration
0x00007ff81fde8000 	/System/Library/PrivateFrameworks/MultitouchSupport.framework/Versions/A/MultitouchSupport
0x00007ff8183e8000 	/usr/lib/libenergytrace.dylib
0x00007ff815e47000 	/System/Library/Frameworks/IOKit.framework/Versions/A/IOKit
0x00007ff824baa000 	/System/Library/Frameworks/CoreServices.framework/Versions/A/CoreServices
0x00007ff81b0dd000 	/System/Library/PrivateFrameworks/PerformanceAnalysis.framework/Versions/A/PerformanceAnalysis
0x00007ffa2c361000 	/System/Library/Frameworks/OpenGL.framework/Versions/A/OpenGL
0x00007ff81dc89000 	/System/Library/PrivateFrameworks/MobileKeyBag.framework/Versions/A/MobileKeyBag
0x00007ff8133f2000 	/usr/lib/libobjc.A.dylib
0x00007ff818f2f000 	/System/Library/Frameworks/ColorSync.framework/Versions/A/ColorSync
0x00007ff8135ac000 	/System/Library/Frameworks/CoreFoundation.framework/Versions/A/CoreFoundation
0x00007ff81cc9b000 	/System/Library/Frameworks/CoreImage.framework/Versions/A/CoreImage
0x00007ff814bc6000 	/System/Library/Frameworks/CoreText.framework/Versions/A/CoreText
0x00007ff81ca54000 	/System/Library/Frameworks/ImageIO.framework/Versions/A/ImageIO
0x00007ff81e759000 	/System/Library/PrivateFrameworks/SoftLinking.framework/Versions/A/SoftLinking
0x00007ff81b18e000 	/usr/lib/libxml2.2.dylib
0x00007ff8134b8000 	/usr/lib/libc++.1.dylib
0x00007ff81e9da000 	/usr/lib/libcompression.dylib
0x00007ff82054b000 	/System/Library/PrivateFrameworks/TextureIO.framework/Versions/A/TextureIO
0x00007ff81f0f4000 	/usr/lib/libate.dylib
0x00007ff81e74e000 	/usr/lib/system/libcache.dylib
0x00007ff81e70a000 	/usr/lib/system/libcommonCrypto.dylib
0x00007ff81e733000 	/usr/lib/system/libcompiler_rt.dylib
0x00007ff81e729000 	/usr/lib/system/libcopyfile.dylib
0x00007ff8132ed000 	/usr/lib/system/libcorecrypto.dylib
0x00007ff8133ab000 	/usr/lib/system/libdispatch.dylib
0x00007ff81356b000 	/usr/lib/system/libdyld.dylib
0x00007ff81e745000 	/usr/lib/system/libkeymgr.dylib
0x00007ff81e6e8000 	/usr/lib/system/libmacho.dylib
0x00007ff81dd63000 	/usr/lib/system/libquarantine.dylib
0x00007ff81e743000 	/usr/lib/system/libremovefile.dylib
0x00007ff818436000 	/usr/lib/system/libsystem_asl.dylib
0x00007ff813296000 	/usr/lib/system/libsystem_blocks.dylib
0x00007ff81342f000 	/usr/lib/system/libsystem_c.dylib
0x00007ff81e73b000 	/usr/lib/system/libsystem_collections.dylib
0x00007ff81d095000 	/usr/lib/system/libsystem_configuration.dylib
0x00007ff81c33e000 	/usr/lib/system/libsystem_containermanager.dylib
0x00007ff81e41a000 	/usr/lib/system/libsystem_coreservices.dylib
0x00007ff815ad7000 	/usr/lib/system/libsystem_darwin.dylib
0x00007ff81e746000 	/usr/lib/system/libsystem_dnssd.dylib
0x00007ff81342c000 	/usr/lib/system/libsystem_featureflags.dylib
0x00007ff813581000 	/usr/lib/system/libsystem_info.dylib
0x00007ff81e680000 	/usr/lib/system/libsystem_m.dylib
0x00007ff81337f000 	/usr/lib/system/libsystem_malloc.dylib
0x00007ff8183d1000 	/usr/lib/system/libsystem_networkextension.dylib
0x00007ff815efd000 	/usr/lib/system/libsystem_notify.dylib
0x00007ff824a7f000 	/usr/lib/system/libsystem_product_info_filter.dylib
0x00007ff81d099000 	/usr/lib/system/libsystem_sandbox.dylib
0x00007ff81e740000 	/usr/lib/system/libsystem_secinit.dylib
0x00007ff813527000 	/usr/lib/system/libsystem_kernel.dylib
0x00007ff813577000 	/usr/lib/system/libsystem_platform.dylib
0x00007ff81355f000 	/usr/lib/system/libsystem_pthread.dylib
0x00007ff819cf3000 	/usr/lib/system/libsystem_symptoms.dylib
0x00007ff8132d4000 	/usr/lib/system/libsystem_trace.dylib
0x00007ff81e716000 	/usr/lib/system/libunwind.dylib
0x00007ff813298000 	/usr/lib/system/libxpc.dylib
0x00007ff813511000 	/usr/lib/libc++abi.dylib
0x00007ff81e721000 	/usr/lib/liboah.dylib
0x00007ff81eeb2000 	/usr/lib/liblzma.5.dylib
0x00007ff814070000 	/System/Library/Frameworks/SystemConfiguration.framework/Versions/A/SystemConfiguration
0x00007ff81e755000 	/usr/lib/libfakelink.dylib
0x00007ff817f41000 	/System/Library/Frameworks/CFNetwork.framework/Versions/A/CFNetwork
0x00007ff81e896000 	/usr/lib/libarchive.2.dylib
0x00007ff81d0a1000 	/System/Library/PrivateFrameworks/AppleSystemInfo.framework/Versions/A/AppleSystemInfo
0x00007ff81dd8a000 	/usr/lib/libbsm.0.dylib
0x00007ff817550000 	/usr/lib/libnetwork.dylib
0x00007ff81e6ee000 	/usr/lib/system/libkxld.dylib
0x00007ff81d9bd000 	/System/Library/PrivateFrameworks/IOMobileFramebuffer.framework/Versions/A/IOMobileFramebuffer
0x00007ffb2bd1b000 	/usr/lib/libCoreEntitlements.dylib
0x00007ff81e3fc000 	/System/Library/PrivateFrameworks/AppleFSCompression.framework/Versions/A/AppleFSCompression
0x00007ff81dd72000 	/usr/lib/libcoretls.dylib
0x00007ff81eecc000 	/usr/lib/libcoretls_cfhelpers.dylib
0x00007ff81e9d5000 	/usr/lib/libpam.2.dylib
0x00007ff819915000 	/usr/lib/libsqlite3.dylib
0x00007ff81ef3b000 	/usr/lib/libxar.1.dylib
0x00007ff81e40c000 	/usr/lib/libbz2.1.0.dylib
0x00007ff81e75a000 	/usr/lib/libpcap.A.dylib
0x00007ff819ceb000 	/usr/lib/libdns_services.dylib
0x00007ff81e9a8000 	/usr/lib/libapple_nghttp2.dylib
0x00007ff81e794000 	/usr/lib/libiconv.2.dylib
0x00007ff81e6e7000 	/usr/lib/libcharset.1.dylib
0x00007ff81b111000 	/System/Library/Frameworks/CoreServices.framework/Versions/A/Frameworks/FSEvents.framework/Versions/A/FSEvents
0x00007ff815ae1000 	/System/Library/Frameworks/CoreServices.framework/Versions/A/Frameworks/CarbonCore.framework/Versions/A/CarbonCore
0x00007ff819f34000 	/System/Library/Frameworks/CoreServices.framework/Versions/A/Frameworks/Metadata.framework/Versions/A/Metadata
0x00007ff81e41f000 	/System/Library/Frameworks/CoreServices.framework/Versions/A/Frameworks/OSServices.framework/Versions/A/OSServices
0x00007ff81e91d000 	/System/Library/Frameworks/CoreServices.framework/Versions/A/Frameworks/SearchKit.framework/Versions/A/SearchKit
0x00007ff819c7d000 	/System/Library/Frameworks/CoreServices.framework/Versions/A/Frameworks/AE.framework/Versions/A/AE
0x00007ff813aad000 	/System/Library/Frameworks/CoreServices.framework/Versions/A/Frameworks/LaunchServices.framework/Versions/A/LaunchServices
0x00007ff81ee63000 	/System/Library/Frameworks/CoreServices.framework/Versions/A/Frameworks/DictionaryServices.framework/Versions/A/DictionaryServices
0x00007ff81b11e000 	/System/Library/Frameworks/CoreServices.framework/Versions/A/Frameworks/SharedFileList.framework/Versions/A/SharedFileList
0x00007ff81dd66000 	/usr/lib/libCheckFix.dylib
0x00007ff81844d000 	/System/Library/PrivateFrameworks/TCC.framework/Versions/A/TCC
0x00007ff81d0a7000 	/System/Library/PrivateFrameworks/CoreNLP.framework/Versions/A/CoreNLP
0x00007ff819ee4000 	/System/Library/PrivateFrameworks/MetadataUtilities.framework/Versions/A/MetadataUtilities
0x00007ff814121000 	/usr/lib/libmecabra.dylib
0x00007ff81dd9a000 	/usr/lib/libmecab.dylib
0x00007ff8140ec000 	/usr/lib/libCRFSuite.dylib
0x00007ff81ddf4000 	/usr/lib/libgermantok.dylib
0x00007ff81e983000 	/usr/lib/libThaiTokenizer.dylib
0x00007ff819fd7000 	/System/Library/Frameworks/Accelerate.framework/Versions/A/Frameworks/vImage.framework/Versions/A/vImage
0x00007ff824b81000 	/System/Library/Frameworks/Accelerate.framework/Versions/A/Frameworks/vecLib.framework/Versions/A/vecLib
0x00007ff81ef7c000 	/System/Library/Frameworks/Accelerate.framework/Versions/A/Frameworks/vecLib.framework/Versions/A/libvMisc.dylib
0x00007ff81d7bc000 	/System/Library/Frameworks/Accelerate.framework/Versions/A/Frameworks/vecLib.framework/Versions/A/libvDSP.dylib
0x00007ff813e28000 	/System/Library/Frameworks/Accelerate.framework/Versions/A/Frameworks/vecLib.framework/Versions/A/libBLAS.dylib
0x00007ff81eab8000 	/System/Library/Frameworks/Accelerate.framework/Versions/A/Frameworks/vecLib.framework/Versions/A/libLAPACK.dylib
0x00007ff81ddf7000 	/System/Library/Frameworks/Accelerate.framework/Versions/A/Frameworks/vecLib.framework/Versions/A/libLinearAlgebra.dylib
0x00007ff81e9c0000 	/System/Library/Frameworks/Accelerate.framework/Versions/A/Frameworks/vecLib.framework/Versions/A/libSparseBLAS.dylib
0x00007ff81eab2000 	/System/Library/Frameworks/Accelerate.framework/Versions/A/Frameworks/vecLib.framework/Versions/A/libQuadrature.dylib
0x00007ff81d192000 	/System/Library/Frameworks/Accelerate.framework/Versions/A/Frameworks/vecLib.framework/Versions/A/libBNNS.dylib
0x00007ff813ffa000 	/System/Library/Frameworks/Accelerate.framework/Versions/A/Frameworks/vecLib.framework/Versions/A/libSparse.dylib
0x00007ff81d18b000 	/System/Library/PrivateFrameworks/LinguisticData.framework/Versions/A/LinguisticData
0x00007ff813fb0000 	/System/Library/PrivateFrameworks/Lexicon.framework/Versions/A/Lexicon
0x00007ff81ef75000 	/usr/lib/libChineseTokenizer.dylib
0x00007ff81471b000 	/System/Library/PrivateFrameworks/LanguageModeling.framework/Versions/A/LanguageModeling
0x00007ff81e985000 	/System/Library/PrivateFrameworks/AppleSauce.framework/Versions/A/AppleSauce
0x00007ff81d9ab000 	/System/Library/PrivateFrameworks/CoreEmoji.framework/Versions/A/CoreEmoji
0x00007ff81e885000 	/usr/lib/libcmph.dylib
0x00007ff81b0f5000 	/System/Library/Frameworks/OpenDirectory.framework/Versions/A/Frameworks/CFOpenDirectory.framework/Versions/A/CFOpenDirectory
0x00007ff81b0e9000 	/System/Library/Frameworks/OpenDirectory.framework/Versions/A/OpenDirectory
0x00007ff81eece000 	/System/Library/PrivateFrameworks/APFS.framework/Versions/A/APFS
0x00007ff81dcc1000 	/System/Library/Frameworks/SecurityFoundation.framework/Versions/A/SecurityFoundation
0x00007ff81ef49000 	/usr/lib/libutil.dylib
0x00007ff815e0b000 	/System/Library/PrivateFrameworks/CoreServicesStore.framework/Versions/A/CoreServicesStore
0x00007ff81ef4d000 	/usr/lib/libxslt.1.dylib
0x00007ff81dd4e000 	/System/Library/PrivateFrameworks/BackgroundTaskManagement.framework/Versions/A/BackgroundTaskManagement
0x00007ff82046c000 	/System/Library/Frameworks/ImageIO.framework/Versions/A/Resources/libRadiance.dylib
0x00007ff820475000 	/System/Library/Frameworks/ImageIO.framework/Versions/A/Resources/libJPEG.dylib
0x00007ff8203c7000 	/System/Library/Frameworks/ImageIO.framework/Versions/A/Resources/libPng.dylib
0x00007ff8203e8000 	/System/Library/Frameworks/ImageIO.framework/Versions/A/Resources/libTIFF.dylib
0x00007ff8204d4000 	/System/Library/Frameworks/ImageIO.framework/Versions/A/Resources/libGIF.dylib
0x00007ff81fd04000 	/System/Library/Frameworks/ImageIO.framework/Versions/A/Resources/libJP2.dylib
0x00007ff81f442000 	/usr/lib/libexpat.1.dylib
0x00007ff81fcb9000 	/System/Library/PrivateFrameworks/AppleJPEG.framework/Versions/A/AppleJPEG
0x00007ff81c5db000 	/System/Library/PrivateFrameworks/FontServices.framework/libFontParser.dylib
0x00007ff819c27000 	/System/Library/PrivateFrameworks/RunningBoardServices.framework/Versions/A/RunningBoardServices
0x00007ff82ae3b000 	/System/Library/PrivateFrameworks/IOSurfaceAccelerator.framework/Versions/A/IOSurfaceAccelerator
0x00007ff81fde4000 	/System/Library/PrivateFrameworks/WatchdogClient.framework/Versions/A/WatchdogClient
0x00007ff814809000 	/System/Library/Frameworks/CoreDisplay.framework/Versions/A/CoreDisplay
0x00007ff81c4d9000 	/System/Library/Frameworks/CoreMedia.framework/Versions/A/CoreMedia
0x00007ff81c36d000 	/System/Library/PrivateFrameworks/IOAccelerator.framework/Versions/A/IOAccelerator
0x00007ff81b272000 	/System/Library/Frameworks/CoreVideo.framework/Versions/A/CoreVideo
0x00007ff81e9d3000 	/System/Library/Frameworks/MetalPerformanceShaders.framework/Versions/A/MetalPerformanceShaders
0x00007ff81fe21000 	/System/Library/Frameworks/VideoToolbox.framework/Versions/A/VideoToolbox
0x00007ff819b71000 	/System/Library/PrivateFrameworks/BaseBoard.framework/Versions/A/BaseBoard
0x00007ff8198fb000 	/System/Library/PrivateFrameworks/ProtocolBuffer.framework/Versions/A/ProtocolBuffer
0x00007ff820465000 	/System/Library/PrivateFrameworks/GPUWrangler.framework/Versions/A/GPUWrangler
0x00007ff820449000 	/System/Library/PrivateFrameworks/IOPresentment.framework/Versions/A/IOPresentment
0x00007ff82046f000 	/System/Library/PrivateFrameworks/DSExternalDisplay.framework/Versions/A/DSExternalDisplay
0x00007ffa2c355000 	/System/Library/Frameworks/OpenGL.framework/Versions/A/Libraries/libCoreFSCache.dylib
0x00007ffb1941c000 	/System/Library/PrivateFrameworks/GPUCompiler.framework/Versions/31001/Libraries/libGPUCompilerUtils.dylib
0x00007ff8204d9000 	/System/Library/PrivateFrameworks/CMCaptureCore.framework/Versions/A/CMCaptureCore
0x00007ff81f9ea000 	/System/Library/PrivateFrameworks/AppServerSupport.framework/Versions/A/AppServerSupport
0x00007ff821ca7000 	/System/Library/PrivateFrameworks/perfdata.framework/Versions/A/perfdata
0x00007ff814935000 	/System/Library/PrivateFrameworks/AudioToolboxCore.framework/Versions/A/AudioToolboxCore
0x00007ff81c4b7000 	/System/Library/PrivateFrameworks/caulk.framework/Versions/A/caulk
0x00007ff8215b9000 	/usr/lib/libAudioStatistics.dylib
0x00007ff919013000 	/System/Library/PrivateFrameworks/SystemPolicy.framework/Versions/A/SystemPolicy
0x00007ff821814000 	/usr/lib/libSMC.dylib
0x00007ff82a733000 	/System/Library/Frameworks/CoreMIDI.framework/Versions/A/CoreMIDI
0x00007ff820396000 	/usr/lib/libAudioToolboxUtility.dylib
0x00007ff91523f000 	/System/Library/PrivateFrameworks/OSAServicesClient.framework/Versions/A/OSAServicesClient
0x00007ff821cb4000 	/usr/lib/libperfcheck.dylib
0x00007ff919ac0000 	/usr/lib/libmis.dylib
0x00007ffa2c3b0000 	/System/Library/Frameworks/OpenGL.framework/Versions/A/Libraries/libGLU.dylib
0x00007ffa2c374000 	/System/Library/Frameworks/OpenGL.framework/Versions/A/Libraries/libGFXShared.dylib
0x00007ffa2c57d000 	/System/Library/Frameworks/OpenGL.framework/Versions/A/Libraries/libGL.dylib
0x00007ffa2c37d000 	/System/Library/Frameworks/OpenGL.framework/Versions/A/Libraries/libGLImage.dylib
0x00007ffa2c371000 	/System/Library/Frameworks/OpenGL.framework/Versions/A/Libraries/libCVMSPluginSupport.dylib
0x00007ffa2c35c000 	/System/Library/Frameworks/OpenGL.framework/Versions/A/Libraries/libCoreVMClient.dylib
0x00007ff81d023000 	/System/Library/Frameworks/MetalPerformanceShaders.framework/Versions/A/Frameworks/MPSCore.framework/Versions/A/MPSCore
0x00007ff81e367000 	/System/Library/Frameworks/MetalPerformanceShaders.framework/Versions/A/Frameworks/MPSImage.framework/Versions/A/MPSImage
0x00007ff81de0d000 	/System/Library/Frameworks/MetalPerformanceShaders.framework/Versions/A/Frameworks/MPSNeuralNetwork.framework/Versions/A/MPSNeuralNetwork
0x00007ff81e281000 	/System/Library/Frameworks/MetalPerformanceShaders.framework/Versions/A/Frameworks/MPSMatrix.framework/Versions/A/MPSMatrix
0x00007ff81e03c000 	/System/Library/Frameworks/MetalPerformanceShaders.framework/Versions/A/Frameworks/MPSRayIntersector.framework/Versions/A/MPSRayIntersector
0x00007ff81e2b9000 	/System/Library/Frameworks/MetalPerformanceShaders.framework/Versions/A/Frameworks/MPSNDArray.framework/Versions/A/MPSNDArray
0x00007ffa31e35000 	/System/Library/Frameworks/MetalPerformanceShaders.framework/Versions/A/Frameworks/MPSFunctions.framework/Versions/A/MPSFunctions
0x00007ff813d04000 	/System/Library/PrivateFrameworks/MetalTools.framework/Versions/A/MetalTools
0x00007ff81d09f000 	/System/Library/PrivateFrameworks/AggregateDictionary.framework/Versions/A/AggregateDictionary
0x00007ff81f224000 	/usr/lib/libIOReport.dylib
0x00007ffa2d98c000 	/System/Library/Frameworks/OpenCL.framework/Versions/A/OpenCL
0x00007ff81f588000 	/System/Library/PrivateFrameworks/FaceCore.framework/Versions/A/FaceCore
0x00007ff81f579000 	/System/Library/PrivateFrameworks/GraphVisualizer.framework/Versions/A/GraphVisualizer
0x00007ffb19327000 	/System/Library/PrivateFrameworks/FontServices.framework/Versions/A/FontServices
0x00007ff81f9a2000 	/System/Library/PrivateFrameworks/OTSVG.framework/Versions/A/OTSVG
0x00007ff81ae59000 	/System/Library/Frameworks/ApplicationServices.framework/Versions/A/Frameworks/ATS.framework/Versions/A/Resources/libFontRegistry.dylib
0x00007ff81f9f2000 	/System/Library/PrivateFrameworks/FontServices.framework/libhvf.dylib
0x00007ffb19328000 	/System/Library/PrivateFrameworks/FontServices.framework/libXTFontStaticRegistryData.dylib
0x00007ff81f3f2000 	/System/Library/PrivateFrameworks/AppleVA.framework/Versions/A/AppleVA
0x00007ff8215d9000 	/System/Library/Frameworks/ApplicationServices.framework/Versions/A/Frameworks/ATS.framework/Versions/A/ATS
0x00007ff81902d000 	/System/Library/Frameworks/ApplicationServices.framework/Versions/A/Frameworks/HIServices.framework/Versions/A/HIServices
0x00007ff8204e3000 	/System/Library/Frameworks/ApplicationServices.framework/Versions/A/Frameworks/PrintCore.framework/Versions/A/PrintCore
0x00007ff821967000 	/System/Library/Frameworks/ApplicationServices.framework/Versions/A/Frameworks/QD.framework/Versions/A/QD
0x00007ff82195f000 	/System/Library/Frameworks/ApplicationServices.framework/Versions/A/Frameworks/ColorSyncLegacy.framework/Versions/A/ColorSyncLegacy
0x00007ff8215c9000 	/System/Library/Frameworks/ApplicationServices.framework/Versions/A/Frameworks/SpeechSynthesis.framework/Versions/A/SpeechSynthesis
0x00007ff8204a4000 	/System/Library/Frameworks/ApplicationServices.framework/Versions/A/Frameworks/ATSUI.framework/Versions/A/ATSUI
0x00007ff8218f4000 	/usr/lib/libcups.2.dylib
0x00007ff821cc3000 	/System/Library/Frameworks/Kerberos.framework/Versions/A/Kerberos
0x00007ff821cd2000 	/System/Library/Frameworks/GSS.framework/Versions/A/GSS
0x00007ff821645000 	/usr/lib/libresolv.9.dylib
0x00007ff81fa01000 	/System/Library/PrivateFrameworks/Heimdal.framework/Versions/A/Heimdal
0x00007ff8288b6000 	/System/Library/Frameworks/Kerberos.framework/Versions/A/Libraries/libHeimdalProxy.dylib
0x00007ff819cfb000 	/System/Library/Frameworks/Network.framework/Versions/A/Network
0x00007ff81f45c000 	/usr/lib/libheimdal-asn1.dylib
0x00007ff821d1d000 	/System/Library/PrivateFrameworks/CommonAuth.framework/Versions/A/CommonAuth
0x00007ff82154b000 	/System/Library/PrivateFrameworks/AudioSession.framework/Versions/A/AudioSession
0x00007ff81f4ec000 	/System/Library/PrivateFrameworks/MediaExperience.framework/Versions/A/MediaExperience
0x00007ff8213dd000 	/System/Library/PrivateFrameworks/AudioSession.framework/libSessionUtility.dylib
0x00007ff821973000 	/System/Library/PrivateFrameworks/AudioResourceArbitration.framework/Versions/A/AudioResourceArbitration
0x00007ff8259f4000 	/System/Library/PrivateFrameworks/PowerLog.framework/Versions/A/PowerLog
0x00007ff81f465000 	/System/Library/PrivateFrameworks/IconFoundation.framework/Versions/A/IconFoundation
0x00007ff8247aa000 	/System/Library/PrivateFrameworks/SpeechRecognitionCore.framework/Versions/A/SpeechRecognitionCore
0x00007ffa1e5d5000 	/System/Library/CoreServices/Encodings/libKoreanConverter.dylib
0x000000010b4f2000 	/Library/Java/JavaVirtualMachines/jdk-11.0.14.jdk/Contents/Home/lib/server/libjvm.dylib
0x000000010a80e000 	/Library/Java/JavaVirtualMachines/jdk-11.0.14.jdk/Contents/Home/lib/libverify.dylib
0x000000010a832000 	/Library/Java/JavaVirtualMachines/jdk-11.0.14.jdk/Contents/Home/lib/libjava.dylib
0x000000010a7a0000 	/Library/Java/JavaVirtualMachines/jdk-11.0.14.jdk/Contents/Home/lib/libjimage.dylib
0x000000010a8d5000 	/Library/Java/JavaVirtualMachines/jdk-11.0.14.jdk/Contents/Home/lib/libjdwp.dylib
0x000000010a8a8000 	/Library/Java/JavaVirtualMachines/jdk-11.0.14.jdk/Contents/Home/lib/libinstrument.dylib
0x000000010a9b3000 	/Library/Java/JavaVirtualMachines/jdk-11.0.14.jdk/Contents/Home/lib/libzip.dylib
0x000000012c72d000 	/Library/Java/JavaVirtualMachines/jdk-11.0.14.jdk/Contents/Home/lib/libdt_socket.dylib
0x000000012c748000 	/Library/Java/JavaVirtualMachines/jdk-11.0.14.jdk/Contents/Home/lib/libnio.dylib
0x000000012c773000 	/Library/Java/JavaVirtualMachines/jdk-11.0.14.jdk/Contents/Home/lib/libnet.dylib


VM Arguments:
jvm_args: -agentlib:jdwp=transport=dt_socket,suspend=y,address=localhost:51057 -javaagent:/Applications/Eclipse 2.app/Contents/Eclipse/configuration/org.eclipse.osgi/414/0/.cp/lib/javaagent-shaded.jar -Dfile.encoding=UTF-8 
java_command: array.SelectionSort
java_class_path (initial): /Users/leeyongshik/Desktop/JAVA/workspace/04_array/bin
Launcher Type: SUN_STANDARD

[Global flags]
     intx CICompilerCount                          = 4                                         {product} {ergonomic}
     uint ConcGCThreads                            = 2                                         {product} {ergonomic}
     uint G1ConcRefinementThreads                  = 8                                         {product} {ergonomic}
   size_t G1HeapRegionSize                         = 1048576                                   {product} {ergonomic}
    uintx GCDrainStackTargetSize                   = 64                                        {product} {ergonomic}
   size_t InitialHeapSize                          = 134217728                                 {product} {ergonomic}
   size_t MarkStackSize                            = 4194304                                   {product} {ergonomic}
   size_t MaxHeapSize                              = 2147483648                                {product} {ergonomic}
   size_t MaxNewSize                               = 1287651328                                {product} {ergonomic}
   size_t MinHeapDeltaBytes                        = 1048576                                   {product} {ergonomic}
    uintx NonNMethodCodeHeapSize                   = 5836300                                {pd product} {ergonomic}
    uintx NonProfiledCodeHeapSize                  = 122910970                              {pd product} {ergonomic}
    uintx ProfiledCodeHeapSize                     = 122910970                              {pd product} {ergonomic}
    uintx ReservedCodeCacheSize                    = 251658240                              {pd product} {ergonomic}
     bool SegmentedCodeCache                       = true                                      {product} {ergonomic}
     bool UseCompressedClassPointers               = true                                 {lp64_product} {ergonomic}
     bool UseCompressedOops                        = true                                 {lp64_product} {ergonomic}
     bool UseG1GC                                  = true                                      {product} {ergonomic}

Logging:
Log output configuration:
 #0: stdout all=warning uptime,level,tags
 #1: stderr all=off uptime,level,tags

Environment Variables:
PATH=/usr/bin:/bin:/usr/sbin:/sbin
SHELL=/bin/zsh

Signal Handlers:
SIGSEGV: [libjvm.dylib+0x789b18], sa_mask[0]=11111111111111111111111111111111, sa_flags=SA_ONSTACK|SA_RESTART|SA_SIGINFO
SIGBUS: [libjvm.dylib+0x789b18], sa_mask[0]=11111111111111111111111111111111, sa_flags=SA_RESTART|SA_SIGINFO
SIGFPE: [libjvm.dylib+0x789b18], sa_mask[0]=11111111111111111111111111111111, sa_flags=SA_RESTART|SA_SIGINFO
SIGPIPE: [libjvm.dylib+0x63c69b], sa_mask[0]=11111111111111111111111111111111, sa_flags=SA_RESTART|SA_SIGINFO
SIGXFSZ: [libjvm.dylib+0x63c69b], sa_mask[0]=11111111111111111111111111111111, sa_flags=SA_RESTART|SA_SIGINFO
SIGILL: [libjvm.dylib+0x789b18], sa_mask[0]=11111111111111111111111111111111, sa_flags=SA_RESTART|SA_SIGINFO
SIGUSR2: [libjvm.dylib+0x63cc70], sa_mask[0]=00100000000000000000000000000000, sa_flags=SA_RESTART|SA_SIGINFO
SIGHUP: [libjvm.dylib+0x63b773], sa_mask[0]=11111111111111111111111111111111, sa_flags=SA_RESTART|SA_SIGINFO
SIGINT: [libjvm.dylib+0x63b773], sa_mask[0]=11111111111111111111111111111111, sa_flags=SA_RESTART|SA_SIGINFO
SIGTERM: [libjvm.dylib+0x63b773], sa_mask[0]=11111111111111111111111111111111, sa_flags=SA_RESTART|SA_SIGINFO
SIGQUIT: [libjvm.dylib+0x63b773], sa_mask[0]=11111111111111111111111111111111, sa_flags=SA_RESTART|SA_SIGINFO


---------------  S Y S T E M  ---------------

OS:uname:Darwin 21.6.0 Darwin Kernel Version 21.6.0: Sat Jun 18 17:05:47 PDT 2022; root:xnu-8020.140.41~1/RELEASE_ARM64_T8101 x86_64
rlimit: STACK 8176k, CORE 0k, NPROC 1333, NOFILE 10240, AS infinity, DATA infinity, FSIZE infinity
load average:3.77 3.33 2.96

CPU:total 8 (initial active 8) (1 cores per cpu, 1 threads per core) family 6 model 44 stepping 0 microcode 0x0, cmov, cx8, fxsr, mmx, sse, sse2, sse3, ssse3, sse4.1, sse4.2, popcnt, aes, clmul, tsc, tscinvbit, tscinv

Memory: 4k page, physical 8388608k(21388k free)

vm_info: Java HotSpot(TM) 64-Bit Server VM (11.0.14+8-LTS-263) for bsd-amd64 JRE (11.0.14+8-LTS-263), built on Dec  7 2021 21:55:44 by "mach5one" with gcc 4.2.1 Compatible Apple LLVM 11.0.0 (clang-1100.0.33.17)

END.
